
*** Running vivado
    with args -log Project2.vds -m64 -product Vivado -mode batch -messageDb vivado.pb -notrace -source Project2.tcl


ECHO is off.
ECHO is off.

****** Vivado v2023.2 (64-bit)
  **** SW Build 4029153 on Fri Oct 13 20:14:34 MDT 2023
  **** IP Build 4028589 on Sat Oct 14 00:45:43 MDT 2023
  **** SharedData Build 4025554 on Tue Oct 10 17:18:54 MDT 2023
    ** Copyright 1986-2022 Xilinx, Inc. All Rights Reserved.
    ** Copyright 2022-2023 Advanced Micro Devices, Inc. All Rights Reserved.

source Project2.tcl -notrace
create_project: Time (s): cpu = 00:00:08 ; elapsed = 00:00:09 . Memory (MB): peak = 474.223 ; gain = 177.242
Command: read_checkpoint -auto_incremental -incremental C:/Users/ilieb/Projects/ProjectFull2/ProjectFull2.srcs/utils_1/imports/synth_1/Project2.dcp
INFO: [Vivado 12-5825] Read reference checkpoint from C:/Users/ilieb/Projects/ProjectFull2/ProjectFull2.srcs/utils_1/imports/synth_1/Project2.dcp for incremental synthesis
INFO: [Vivado 12-7989] Please ensure there are no constraint changes
Command: synth_design -top Project2 -part xc7a100tcsg324-1
Starting synth_design
Attempting to get a license for feature 'Synthesis' and/or device 'xc7a100t'
INFO: [Common 17-349] Got license for feature 'Synthesis' and/or device 'xc7a100t'
INFO: [Device 21-403] Loading part xc7a100tcsg324-1
INFO: [Designutils 20-5440] No compile time benefit to using incremental synthesis; A full resynthesis will be run
INFO: [Designutils 20-4379] Flow is switching to default flow due to incremental criteria not met. If you would like to alter this behaviour and have the flow terminate instead, please set the following parameter config_implementation {autoIncr.Synth.RejectBehavior Terminate}
INFO: [Synth 8-7079] Multithreading enabled for synth_design using a maximum of 2 processes.
INFO: [Synth 8-7078] Launching helper process for spawning children vivado processes
INFO: [Synth 8-7075] Helper process launched with PID 9544
---------------------------------------------------------------------------------
Starting RTL Elaboration : Time (s): cpu = 00:00:09 ; elapsed = 00:00:17 . Memory (MB): peak = 1328.207 ; gain = 439.863
---------------------------------------------------------------------------------
INFO: [Synth 8-638] synthesizing module 'Project2' [C:/Users/ilieb/Projects/ProjectFull2/ProjectFull2.srcs/sources_1/new/Project2.vhd:18]
INFO: [Synth 8-226] default block is never used [C:/Users/ilieb/Projects/ProjectFull2/ProjectFull2.srcs/sources_1/new/Project2.vhd:104]
INFO: [Synth 8-226] default block is never used [C:/Users/ilieb/Projects/ProjectFull2/ProjectFull2.srcs/sources_1/new/Project2.vhd:117]
INFO: [Synth 8-226] default block is never used [C:/Users/ilieb/Projects/ProjectFull2/ProjectFull2.srcs/sources_1/new/Project2.vhd:130]
INFO: [Synth 8-3491] module 'Sum' declared at 'C:/Users/ilieb/Projects/ProjectFull2/ProjectFull2.srcs/sources_1/new/Sum.vhd:4' bound to instance 'L1' of component 'Sum' [C:/Users/ilieb/Projects/ProjectFull2/ProjectFull2.srcs/sources_1/new/Project2.vhd:201]
INFO: [Synth 8-638] synthesizing module 'Sum' [C:/Users/ilieb/Projects/ProjectFull2/ProjectFull2.srcs/sources_1/new/Sum.vhd:13]
INFO: [Synth 8-3491] module 'FA_1' declared at 'C:/Users/ilieb/Projects/ProjectFull2/ProjectFull2.srcs/sources_1/new/FA_1.vhd:34' bound to instance 'L3' of component 'FA_1' [C:/Users/ilieb/Projects/ProjectFull2/ProjectFull2.srcs/sources_1/new/Sum.vhd:26]
INFO: [Synth 8-638] synthesizing module 'FA_1' [C:/Users/ilieb/Projects/ProjectFull2/ProjectFull2.srcs/sources_1/new/FA_1.vhd:41]
INFO: [Synth 8-256] done synthesizing module 'FA_1' (0#1) [C:/Users/ilieb/Projects/ProjectFull2/ProjectFull2.srcs/sources_1/new/FA_1.vhd:41]
INFO: [Synth 8-3491] module 'FA_1' declared at 'C:/Users/ilieb/Projects/ProjectFull2/ProjectFull2.srcs/sources_1/new/FA_1.vhd:34' bound to instance 'L5' of component 'FA_1' [C:/Users/ilieb/Projects/ProjectFull2/ProjectFull2.srcs/sources_1/new/Sum.vhd:36]
INFO: [Synth 8-3491] module 'FA_1' declared at 'C:/Users/ilieb/Projects/ProjectFull2/ProjectFull2.srcs/sources_1/new/FA_1.vhd:34' bound to instance 'L5' of component 'FA_1' [C:/Users/ilieb/Projects/ProjectFull2/ProjectFull2.srcs/sources_1/new/Sum.vhd:36]
INFO: [Synth 8-3491] module 'FA_1' declared at 'C:/Users/ilieb/Projects/ProjectFull2/ProjectFull2.srcs/sources_1/new/FA_1.vhd:34' bound to instance 'L5' of component 'FA_1' [C:/Users/ilieb/Projects/ProjectFull2/ProjectFull2.srcs/sources_1/new/Sum.vhd:36]
INFO: [Synth 8-3491] module 'FA_1' declared at 'C:/Users/ilieb/Projects/ProjectFull2/ProjectFull2.srcs/sources_1/new/FA_1.vhd:34' bound to instance 'L5' of component 'FA_1' [C:/Users/ilieb/Projects/ProjectFull2/ProjectFull2.srcs/sources_1/new/Sum.vhd:36]
INFO: [Synth 8-3491] module 'FA_1' declared at 'C:/Users/ilieb/Projects/ProjectFull2/ProjectFull2.srcs/sources_1/new/FA_1.vhd:34' bound to instance 'L5' of component 'FA_1' [C:/Users/ilieb/Projects/ProjectFull2/ProjectFull2.srcs/sources_1/new/Sum.vhd:36]
INFO: [Synth 8-3491] module 'FA_1' declared at 'C:/Users/ilieb/Projects/ProjectFull2/ProjectFull2.srcs/sources_1/new/FA_1.vhd:34' bound to instance 'L5' of component 'FA_1' [C:/Users/ilieb/Projects/ProjectFull2/ProjectFull2.srcs/sources_1/new/Sum.vhd:36]
INFO: [Synth 8-3491] module 'FA_1' declared at 'C:/Users/ilieb/Projects/ProjectFull2/ProjectFull2.srcs/sources_1/new/FA_1.vhd:34' bound to instance 'L7' of component 'FA_1' [C:/Users/ilieb/Projects/ProjectFull2/ProjectFull2.srcs/sources_1/new/Sum.vhd:46]
INFO: [Synth 8-256] done synthesizing module 'Sum' (0#1) [C:/Users/ilieb/Projects/ProjectFull2/ProjectFull2.srcs/sources_1/new/Sum.vhd:13]
INFO: [Synth 8-3491] module 'Subtract' declared at 'C:/Users/ilieb/Projects/ProjectFull2/ProjectFull2.srcs/sources_1/new/Subtract.vhd:5' bound to instance 'L2' of component 'Subtract' [C:/Users/ilieb/Projects/ProjectFull2/ProjectFull2.srcs/sources_1/new/Project2.vhd:208]
INFO: [Synth 8-638] synthesizing module 'Subtract' [C:/Users/ilieb/Projects/ProjectFull2/ProjectFull2.srcs/sources_1/new/Subtract.vhd:13]
INFO: [Synth 8-3491] module 'FA_1' declared at 'C:/Users/ilieb/Projects/ProjectFull2/ProjectFull2.srcs/sources_1/new/FA_1.vhd:34' bound to instance 'L3' of component 'FA_1' [C:/Users/ilieb/Projects/ProjectFull2/ProjectFull2.srcs/sources_1/new/Subtract.vhd:28]
INFO: [Synth 8-3491] module 'FA_1' declared at 'C:/Users/ilieb/Projects/ProjectFull2/ProjectFull2.srcs/sources_1/new/FA_1.vhd:34' bound to instance 'L5' of component 'FA_1' [C:/Users/ilieb/Projects/ProjectFull2/ProjectFull2.srcs/sources_1/new/Subtract.vhd:39]
INFO: [Synth 8-3491] module 'FA_1' declared at 'C:/Users/ilieb/Projects/ProjectFull2/ProjectFull2.srcs/sources_1/new/FA_1.vhd:34' bound to instance 'L5' of component 'FA_1' [C:/Users/ilieb/Projects/ProjectFull2/ProjectFull2.srcs/sources_1/new/Subtract.vhd:39]
INFO: [Synth 8-3491] module 'FA_1' declared at 'C:/Users/ilieb/Projects/ProjectFull2/ProjectFull2.srcs/sources_1/new/FA_1.vhd:34' bound to instance 'L5' of component 'FA_1' [C:/Users/ilieb/Projects/ProjectFull2/ProjectFull2.srcs/sources_1/new/Subtract.vhd:39]
INFO: [Synth 8-3491] module 'FA_1' declared at 'C:/Users/ilieb/Projects/ProjectFull2/ProjectFull2.srcs/sources_1/new/FA_1.vhd:34' bound to instance 'L5' of component 'FA_1' [C:/Users/ilieb/Projects/ProjectFull2/ProjectFull2.srcs/sources_1/new/Subtract.vhd:39]
INFO: [Synth 8-3491] module 'FA_1' declared at 'C:/Users/ilieb/Projects/ProjectFull2/ProjectFull2.srcs/sources_1/new/FA_1.vhd:34' bound to instance 'L5' of component 'FA_1' [C:/Users/ilieb/Projects/ProjectFull2/ProjectFull2.srcs/sources_1/new/Subtract.vhd:39]
INFO: [Synth 8-3491] module 'FA_1' declared at 'C:/Users/ilieb/Projects/ProjectFull2/ProjectFull2.srcs/sources_1/new/FA_1.vhd:34' bound to instance 'L5' of component 'FA_1' [C:/Users/ilieb/Projects/ProjectFull2/ProjectFull2.srcs/sources_1/new/Subtract.vhd:39]
INFO: [Synth 8-3491] module 'FA_1' declared at 'C:/Users/ilieb/Projects/ProjectFull2/ProjectFull2.srcs/sources_1/new/FA_1.vhd:34' bound to instance 'L7' of component 'FA_1' [C:/Users/ilieb/Projects/ProjectFull2/ProjectFull2.srcs/sources_1/new/Subtract.vhd:50]
INFO: [Synth 8-256] done synthesizing module 'Subtract' (0#1) [C:/Users/ilieb/Projects/ProjectFull2/ProjectFull2.srcs/sources_1/new/Subtract.vhd:13]
INFO: [Synth 8-3491] module 'Product' declared at 'C:/Users/ilieb/Projects/ProjectFull2/ProjectFull2.srcs/sources_1/new/Product.vhd:7' bound to instance 'L3' of component 'Product' [C:/Users/ilieb/Projects/ProjectFull2/ProjectFull2.srcs/sources_1/new/Project2.vhd:214]
INFO: [Synth 8-638] synthesizing module 'Product' [C:/Users/ilieb/Projects/ProjectFull2/ProjectFull2.srcs/sources_1/new/Product.vhd:13]
INFO: [Synth 8-256] done synthesizing module 'Product' (0#1) [C:/Users/ilieb/Projects/ProjectFull2/ProjectFull2.srcs/sources_1/new/Product.vhd:13]
INFO: [Synth 8-3491] module 'divide' declared at 'C:/Users/ilieb/Projects/ProjectFull2/ProjectFull2.srcs/sources_1/new/Divide.vhd:5' bound to instance 'L4' of component 'divide' [C:/Users/ilieb/Projects/ProjectFull2/ProjectFull2.srcs/sources_1/new/Project2.vhd:220]
INFO: [Synth 8-638] synthesizing module 'divide' [C:/Users/ilieb/Projects/ProjectFull2/ProjectFull2.srcs/sources_1/new/Divide.vhd:11]
WARNING: [Synth 8-614] signal 'a' is read in the process but is not in the sensitivity list [C:/Users/ilieb/Projects/ProjectFull2/ProjectFull2.srcs/sources_1/new/Divide.vhd:25]
INFO: [Synth 8-256] done synthesizing module 'divide' (0#1) [C:/Users/ilieb/Projects/ProjectFull2/ProjectFull2.srcs/sources_1/new/Divide.vhd:11]
INFO: [Synth 8-3491] module 'SSD2' declared at 'C:/Users/ilieb/Projects/ProjectFull2/ProjectFull2.srcs/sources_1/new/SSD2.vhd:6' bound to instance 'L5' of component 'SSD2' [C:/Users/ilieb/Projects/ProjectFull2/ProjectFull2.srcs/sources_1/new/Project2.vhd:226]
INFO: [Synth 8-638] synthesizing module 'SSD2' [C:/Users/ilieb/Projects/ProjectFull2/ProjectFull2.srcs/sources_1/new/SSD2.vhd:21]
WARNING: [Synth 8-614] signal 'refresh_counter3' is read in the process but is not in the sensitivity list [C:/Users/ilieb/Projects/ProjectFull2/ProjectFull2.srcs/sources_1/new/SSD2.vhd:71]
WARNING: [Synth 8-614] signal 'Number' is read in the process but is not in the sensitivity list [C:/Users/ilieb/Projects/ProjectFull2/ProjectFull2.srcs/sources_1/new/SSD2.vhd:84]
WARNING: [Synth 8-614] signal 'Operation' is read in the process but is not in the sensitivity list [C:/Users/ilieb/Projects/ProjectFull2/ProjectFull2.srcs/sources_1/new/SSD2.vhd:84]
WARNING: [Synth 8-614] signal 'zecidemii_digit' is read in the process but is not in the sensitivity list [C:/Users/ilieb/Projects/ProjectFull2/ProjectFull2.srcs/sources_1/new/SSD2.vhd:84]
WARNING: [Synth 8-614] signal 'thousend_digit' is read in the process but is not in the sensitivity list [C:/Users/ilieb/Projects/ProjectFull2/ProjectFull2.srcs/sources_1/new/SSD2.vhd:84]
WARNING: [Synth 8-614] signal 'hundreds_digit' is read in the process but is not in the sensitivity list [C:/Users/ilieb/Projects/ProjectFull2/ProjectFull2.srcs/sources_1/new/SSD2.vhd:84]
WARNING: [Synth 8-614] signal 'tens_digit' is read in the process but is not in the sensitivity list [C:/Users/ilieb/Projects/ProjectFull2/ProjectFull2.srcs/sources_1/new/SSD2.vhd:84]
WARNING: [Synth 8-614] signal 'units_digit2' is read in the process but is not in the sensitivity list [C:/Users/ilieb/Projects/ProjectFull2/ProjectFull2.srcs/sources_1/new/SSD2.vhd:84]
WARNING: [Synth 8-614] signal 'hundreds_digit2' is read in the process but is not in the sensitivity list [C:/Users/ilieb/Projects/ProjectFull2/ProjectFull2.srcs/sources_1/new/SSD2.vhd:84]
WARNING: [Synth 8-614] signal 'tens_digit2' is read in the process but is not in the sensitivity list [C:/Users/ilieb/Projects/ProjectFull2/ProjectFull2.srcs/sources_1/new/SSD2.vhd:84]
INFO: [Synth 8-256] done synthesizing module 'SSD2' (0#1) [C:/Users/ilieb/Projects/ProjectFull2/ProjectFull2.srcs/sources_1/new/SSD2.vhd:21]
INFO: [Synth 8-256] done synthesizing module 'Project2' (0#1) [C:/Users/ilieb/Projects/ProjectFull2/ProjectFull2.srcs/sources_1/new/Project2.vhd:18]
WARNING: [Synth 8-3936] Found unconnected internal register 'r_reg' and it is trimmed from '16' to '8' bits. [C:/Users/ilieb/Projects/ProjectFull2/ProjectFull2.srcs/sources_1/new/Divide.vhd:28]
WARNING: [Synth 8-7129] Port units_digit[3] in module SSD2 is either unconnected or has no load
WARNING: [Synth 8-7129] Port units_digit[2] in module SSD2 is either unconnected or has no load
WARNING: [Synth 8-7129] Port units_digit[1] in module SSD2 is either unconnected or has no load
WARNING: [Synth 8-7129] Port units_digit[0] in module SSD2 is either unconnected or has no load
---------------------------------------------------------------------------------
Finished RTL Elaboration : Time (s): cpu = 00:00:13 ; elapsed = 00:00:22 . Memory (MB): peak = 1441.855 ; gain = 553.512
---------------------------------------------------------------------------------
---------------------------------------------------------------------------------
Start Handling Custom Attributes
---------------------------------------------------------------------------------
---------------------------------------------------------------------------------
Finished Handling Custom Attributes : Time (s): cpu = 00:00:13 ; elapsed = 00:00:22 . Memory (MB): peak = 1441.855 ; gain = 553.512
---------------------------------------------------------------------------------
---------------------------------------------------------------------------------
Finished RTL Optimization Phase 1 : Time (s): cpu = 00:00:13 ; elapsed = 00:00:22 . Memory (MB): peak = 1441.855 ; gain = 553.512
---------------------------------------------------------------------------------
Netlist sorting complete. Time (s): cpu = 00:00:00 ; elapsed = 00:00:00.050 . Memory (MB): peak = 1441.855 ; gain = 0.000
INFO: [Project 1-570] Preparing netlist for logic optimization

Processing XDC Constraints
Initializing timing engine
Parsing XDC File [C:/Users/ilieb/Projects/ProjectFull2/ProjectFull2.srcs/constrs_1/new/const.xdc]
WARNING: [Vivado 12-507] No nets matched 'Clock_IBUF'. [C:/Users/ilieb/Projects/ProjectFull2/ProjectFull2.srcs/constrs_1/new/const.xdc:10]
CRITICAL WARNING: [Common 17-55] 'set_property' expects at least one object. [C:/Users/ilieb/Projects/ProjectFull2/ProjectFull2.srcs/constrs_1/new/const.xdc:10]
Resolution: If [get_<value>] was used to populate the object, check to make sure this command returns at least one valid object.
WARNING: [Vivado 12-507] No nets matched 'Equal_IBUF'. [C:/Users/ilieb/Projects/ProjectFull2/ProjectFull2.srcs/constrs_1/new/const.xdc:11]
CRITICAL WARNING: [Common 17-55] 'set_property' expects at least one object. [C:/Users/ilieb/Projects/ProjectFull2/ProjectFull2.srcs/constrs_1/new/const.xdc:11]
Resolution: If [get_<value>] was used to populate the object, check to make sure this command returns at least one valid object.
Finished Parsing XDC File [C:/Users/ilieb/Projects/ProjectFull2/ProjectFull2.srcs/constrs_1/new/const.xdc]
INFO: [Project 1-236] Implementation specific constraints were found while reading constraint file [C:/Users/ilieb/Projects/ProjectFull2/ProjectFull2.srcs/constrs_1/new/const.xdc]. These constraints will be ignored for synthesis but will be used in implementation. Impacted constraints are listed in the file [.Xil/Project2_propImpl.xdc].
Resolution: To avoid this warning, move constraints listed in [.Xil/Project2_propImpl.xdc] to another XDC file and exclude this new file from synthesis with the used_in_synthesis property (File Properties dialog in GUI) and re-run elaboration/synthesis.
Completed Processing XDC Constraints

Netlist sorting complete. Time (s): cpu = 00:00:00 ; elapsed = 00:00:00.001 . Memory (MB): peak = 1535.723 ; gain = 0.000
INFO: [Project 1-111] Unisim Transformation Summary:
No Unisim elements were transformed.

The system cannot find the path specified.
Constraint Validation Runtime : Time (s): cpu = 00:00:00 ; elapsed = 00:00:00.052 . Memory (MB): peak = 1535.723 ; gain = 0.000
INFO: [Designutils 20-5440] No compile time benefit to using incremental synthesis; A full resynthesis will be run
INFO: [Designutils 20-4379] Flow is switching to default flow due to incremental criteria not met. If you would like to alter this behaviour and have the flow terminate instead, please set the following parameter config_implementation {autoIncr.Synth.RejectBehavior Terminate}
---------------------------------------------------------------------------------
Finished Constraint Validation : Time (s): cpu = 00:00:27 ; elapsed = 00:00:38 . Memory (MB): peak = 1535.723 ; gain = 647.379
---------------------------------------------------------------------------------
---------------------------------------------------------------------------------
Start Loading Part and Timing Information
---------------------------------------------------------------------------------
Loading part: xc7a100tcsg324-1
---------------------------------------------------------------------------------
Finished Loading Part and Timing Information : Time (s): cpu = 00:00:27 ; elapsed = 00:00:39 . Memory (MB): peak = 1535.723 ; gain = 647.379
---------------------------------------------------------------------------------
---------------------------------------------------------------------------------
Start Applying 'set_property' XDC Constraints
---------------------------------------------------------------------------------
---------------------------------------------------------------------------------
Finished applying 'set_property' XDC Constraints : Time (s): cpu = 00:00:27 ; elapsed = 00:00:39 . Memory (MB): peak = 1535.723 ; gain = 647.379
---------------------------------------------------------------------------------
WARNING: [Synth 8-327] inferring latch for variable 'Anode_Activate_reg' [C:/Users/ilieb/Projects/ProjectFull2/ProjectFull2.srcs/sources_1/new/SSD2.vhd:91]
WARNING: [Synth 8-327] inferring latch for variable 'LED_BCD_reg' [C:/Users/ilieb/Projects/ProjectFull2/ProjectFull2.srcs/sources_1/new/SSD2.vhd:92]
WARNING: [Synth 8-327] inferring latch for variable 'zecidemii_digit_reg' [C:/Users/ilieb/Projects/ProjectFull2/ProjectFull2.srcs/sources_1/new/Project2.vhd:179]
WARNING: [Synth 8-327] inferring latch for variable 'thousend_digit_reg' [C:/Users/ilieb/Projects/ProjectFull2/ProjectFull2.srcs/sources_1/new/Project2.vhd:181]
WARNING: [Synth 8-327] inferring latch for variable 'hundreds_digit_reg' [C:/Users/ilieb/Projects/ProjectFull2/ProjectFull2.srcs/sources_1/new/Project2.vhd:167]
WARNING: [Synth 8-327] inferring latch for variable 'tens_digit_reg' [C:/Users/ilieb/Projects/ProjectFull2/ProjectFull2.srcs/sources_1/new/Project2.vhd:169]
WARNING: [Synth 8-327] inferring latch for variable 'units_digit_reg' [C:/Users/ilieb/Projects/ProjectFull2/ProjectFull2.srcs/sources_1/new/Project2.vhd:170]
WARNING: [Synth 8-327] inferring latch for variable 'hundreds_digit2_reg' [C:/Users/ilieb/Projects/ProjectFull2/ProjectFull2.srcs/sources_1/new/Project2.vhd:194]
WARNING: [Synth 8-327] inferring latch for variable 'tens_digit2_reg' [C:/Users/ilieb/Projects/ProjectFull2/ProjectFull2.srcs/sources_1/new/Project2.vhd:196]
WARNING: [Synth 8-327] inferring latch for variable 'units_digit2_reg' [C:/Users/ilieb/Projects/ProjectFull2/ProjectFull2.srcs/sources_1/new/Project2.vhd:197]
WARNING: [Synth 8-327] inferring latch for variable 'Register3_reg' [C:/Users/ilieb/Projects/ProjectFull2/ProjectFull2.srcs/sources_1/new/Project2.vhd:107]
WARNING: [Synth 8-327] inferring latch for variable 'Register1_reg' [C:/Users/ilieb/Projects/ProjectFull2/ProjectFull2.srcs/sources_1/new/Project2.vhd:105]
WARNING: [Synth 8-327] inferring latch for variable 'Register2_reg' [C:/Users/ilieb/Projects/ProjectFull2/ProjectFull2.srcs/sources_1/new/Project2.vhd:106]
WARNING: [Synth 8-327] inferring latch for variable 'Register6_reg' [C:/Users/ilieb/Projects/ProjectFull2/ProjectFull2.srcs/sources_1/new/Project2.vhd:121]
WARNING: [Synth 8-327] inferring latch for variable 'Register4_reg' [C:/Users/ilieb/Projects/ProjectFull2/ProjectFull2.srcs/sources_1/new/Project2.vhd:119]
WARNING: [Synth 8-327] inferring latch for variable 'Register5_reg' [C:/Users/ilieb/Projects/ProjectFull2/ProjectFull2.srcs/sources_1/new/Project2.vhd:120]
---------------------------------------------------------------------------------
Finished RTL Optimization Phase 2 : Time (s): cpu = 00:00:31 ; elapsed = 00:00:43 . Memory (MB): peak = 1535.723 ; gain = 647.379
---------------------------------------------------------------------------------
---------------------------------------------------------------------------------
Start RTL Component Statistics 
---------------------------------------------------------------------------------
Detailed RTL Component Info : 
+---Adders : 
	   2 Input   31 Bit       Adders := 2     
	   3 Input   16 Bit       Adders := 7     
	   2 Input   14 Bit       Adders := 1     
	   2 Input   13 Bit       Adders := 1     
	   2 Input   12 Bit       Adders := 1     
	   2 Input   11 Bit       Adders := 1     
	   2 Input   10 Bit       Adders := 1     
	   2 Input    9 Bit       Adders := 1     
	   3 Input    8 Bit       Adders := 1     
	   2 Input    4 Bit       Adders := 2     
	   2 Input    2 Bit       Adders := 2     
+---XORs : 
	   2 Input      1 Bit         XORs := 33    
+---Registers : 
	               31 Bit    Registers := 2     
	                4 Bit    Registers := 1     
	                2 Bit    Registers := 2     
+---Muxes : 
	   2 Input   31 Bit        Muxes := 2     
	   4 Input   31 Bit        Muxes := 1     
	   2 Input   16 Bit        Muxes := 7     
	   4 Input   11 Bit        Muxes := 1     
	   2 Input    8 Bit        Muxes := 2     
	  21 Input    8 Bit        Muxes := 1     
	   2 Input    7 Bit        Muxes := 7     
	   2 Input    4 Bit        Muxes := 11    
	   6 Input    4 Bit        Muxes := 1     
	   4 Input    4 Bit        Muxes := 3     
	  21 Input    1 Bit        Muxes := 1     
	   4 Input    1 Bit        Muxes := 9     
	   2 Input    1 Bit        Muxes := 2     
---------------------------------------------------------------------------------
Finished RTL Component Statistics 
---------------------------------------------------------------------------------
---------------------------------------------------------------------------------
Start Part Resource Summary
---------------------------------------------------------------------------------
Part Resources:
DSPs: 240 (col length:80)
BRAMs: 270 (col length: RAMB18 80 RAMB36 40)
---------------------------------------------------------------------------------
Finished Part Resource Summary
---------------------------------------------------------------------------------
---------------------------------------------------------------------------------
Start Cross Boundary and Area Optimization
---------------------------------------------------------------------------------
WARNING: [Synth 8-7080] Parallel synthesis criteria is not met
WARNING: [Synth 8-7129] Port units_digit[3] in module SSD2 is either unconnected or has no load
WARNING: [Synth 8-7129] Port units_digit[2] in module SSD2 is either unconnected or has no load
WARNING: [Synth 8-7129] Port units_digit[1] in module SSD2 is either unconnected or has no load
WARNING: [Synth 8-7129] Port units_digit[0] in module SSD2 is either unconnected or has no load
WARNING: [Synth 8-3332] Sequential element (units_digit_reg[3]) is unused and will be removed from module Project2.
WARNING: [Synth 8-3332] Sequential element (units_digit_reg[2]) is unused and will be removed from module Project2.
WARNING: [Synth 8-3332] Sequential element (units_digit_reg[1]) is unused and will be removed from module Project2.
WARNING: [Synth 8-3332] Sequential element (units_digit_reg[0]) is unused and will be removed from module Project2.
---------------------------------------------------------------------------------
Finished Cross Boundary and Area Optimization : Time (s): cpu = 00:00:45 ; elapsed = 00:00:58 . Memory (MB): peak = 1535.723 ; gain = 647.379
---------------------------------------------------------------------------------
---------------------------------------------------------------------------------
Start Applying XDC Timing Constraints
---------------------------------------------------------------------------------
---------------------------------------------------------------------------------
Finished Applying XDC Timing Constraints : Time (s): cpu = 00:00:53 ; elapsed = 00:01:06 . Memory (MB): peak = 1535.723 ; gain = 647.379
---------------------------------------------------------------------------------
---------------------------------------------------------------------------------
Start Timing Optimization
---------------------------------------------------------------------------------
---------------------------------------------------------------------------------
Finished Timing Optimization : Time (s): cpu = 00:00:53 ; elapsed = 00:01:06 . Memory (MB): peak = 1535.723 ; gain = 647.379
---------------------------------------------------------------------------------
---------------------------------------------------------------------------------
Start Technology Mapping
---------------------------------------------------------------------------------
---------------------------------------------------------------------------------
Finished Technology Mapping : Time (s): cpu = 00:00:54 ; elapsed = 00:01:06 . Memory (MB): peak = 1535.723 ; gain = 647.379
---------------------------------------------------------------------------------
---------------------------------------------------------------------------------
Start IO Insertion
---------------------------------------------------------------------------------
---------------------------------------------------------------------------------
Start Flattening Before IO Insertion
---------------------------------------------------------------------------------
---------------------------------------------------------------------------------
Finished Flattening Before IO Insertion
---------------------------------------------------------------------------------
---------------------------------------------------------------------------------
Start Final Netlist Cleanup
---------------------------------------------------------------------------------
---------------------------------------------------------------------------------
Finished Final Netlist Cleanup
---------------------------------------------------------------------------------
---------------------------------------------------------------------------------
Finished IO Insertion : Time (s): cpu = 00:01:02 ; elapsed = 00:01:14 . Memory (MB): peak = 1535.723 ; gain = 647.379
---------------------------------------------------------------------------------
---------------------------------------------------------------------------------
Start Renaming Generated Instances
---------------------------------------------------------------------------------
---------------------------------------------------------------------------------
Finished Renaming Generated Instances : Time (s): cpu = 00:01:02 ; elapsed = 00:01:14 . Memory (MB): peak = 1535.723 ; gain = 647.379
---------------------------------------------------------------------------------
---------------------------------------------------------------------------------
Start Rebuilding User Hierarchy
---------------------------------------------------------------------------------
---------------------------------------------------------------------------------
Finished Rebuilding User Hierarchy : Time (s): cpu = 00:01:02 ; elapsed = 00:01:14 . Memory (MB): peak = 1535.723 ; gain = 647.379
---------------------------------------------------------------------------------
---------------------------------------------------------------------------------
Start Renaming Generated Ports
---------------------------------------------------------------------------------
---------------------------------------------------------------------------------
Finished Renaming Generated Ports : Time (s): cpu = 00:01:02 ; elapsed = 00:01:14 . Memory (MB): peak = 1535.723 ; gain = 647.379
---------------------------------------------------------------------------------
---------------------------------------------------------------------------------
Start Handling Custom Attributes
---------------------------------------------------------------------------------
---------------------------------------------------------------------------------
Finished Handling Custom Attributes : Time (s): cpu = 00:01:02 ; elapsed = 00:01:14 . Memory (MB): peak = 1535.723 ; gain = 647.379
---------------------------------------------------------------------------------
---------------------------------------------------------------------------------
Start Renaming Generated Nets
---------------------------------------------------------------------------------
---------------------------------------------------------------------------------
Finished Renaming Generated Nets : Time (s): cpu = 00:01:02 ; elapsed = 00:01:14 . Memory (MB): peak = 1535.723 ; gain = 647.379
---------------------------------------------------------------------------------
---------------------------------------------------------------------------------
Start Writing Synthesis Report
---------------------------------------------------------------------------------

Report BlackBoxes: 
+-+--------------+----------+
| |BlackBox name |Instances |
+-+--------------+----------+
+-+--------------+----------+

Report Cell Usage: 
+------+-------+------+
|      |Cell   |Count |
+------+-------+------+
|1     |BUFG   |     2|
|2     |CARRY4 |   197|
|3     |LUT1   |    64|
|4     |LUT2   |   321|
|5     |LUT3   |   172|
|6     |LUT4   |   202|
|7     |LUT5   |   156|
|8     |LUT6   |   255|
|9     |MUXF7  |     2|
|10    |FDCE   |    18|
|11    |FDPE   |    20|
|12    |FDRE   |     8|
|13    |LD     |    60|
|14    |LDC    |     4|
|15    |IBUF   |    10|
|16    |OBUF   |    16|
+------+-------+------+
---------------------------------------------------------------------------------
Finished Writing Synthesis Report : Time (s): cpu = 00:01:02 ; elapsed = 00:01:14 . Memory (MB): peak = 1535.723 ; gain = 647.379
---------------------------------------------------------------------------------
Synthesis finished with 0 errors, 0 critical warnings and 25 warnings.
Synthesis Optimization Runtime : Time (s): cpu = 00:00:46 ; elapsed = 00:01:09 . Memory (MB): peak = 1535.723 ; gain = 553.512
Synthesis Optimization Complete : Time (s): cpu = 00:01:02 ; elapsed = 00:01:15 . Memory (MB): peak = 1535.723 ; gain = 647.379
INFO: [Project 1-571] Translating synthesized netlist
Netlist sorting complete. Time (s): cpu = 00:00:00 ; elapsed = 00:00:00.029 . Memory (MB): peak = 1535.723 ; gain = 0.000
INFO: [Netlist 29-17] Analyzing 263 Unisim elements for replacement
INFO: [Netlist 29-28] Unisim Transformation completed in 0 CPU seconds
WARNING: [Netlist 29-101] Netlist 'Project2' is not ideal for floorplanning, since the cellview 'Project2' contains a large number of primitives.  Please consider enabling hierarchy in synthesis if you want to do floorplanning.
INFO: [Project 1-570] Preparing netlist for logic optimization
INFO: [Opt 31-138] Pushed 0 inverter(s) to 0 load pin(s).
Netlist sorting complete. Time (s): cpu = 00:00:00 ; elapsed = 00:00:00.001 . Memory (MB): peak = 1535.723 ; gain = 0.000
INFO: [Project 1-111] Unisim Transformation Summary:
  A total of 64 instances were transformed.
  LD => LDCE: 60 instances
  LDC => LDCE: 4 instances

The system cannot find the path specified.
Synth Design complete | Checksum: 9d463f6e
INFO: [Common 17-83] Releasing license: Synthesis
59 Infos, 44 Warnings, 2 Critical Warnings and 0 Errors encountered.
synth_design completed successfully
synth_design: Time (s): cpu = 00:01:09 ; elapsed = 00:01:29 . Memory (MB): peak = 1535.723 ; gain = 1057.512
INFO: [runtcl-6] Synthesis results are not added to the cache due to CRITICAL_WARNING
Write ShapeDB Complete: Time (s): cpu = 00:00:01 ; elapsed = 00:00:00.020 . Memory (MB): peak = 1535.723 ; gain = 0.000
INFO: [Common 17-1381] The checkpoint 'C:/Users/ilieb/Projects/ProjectFull2/ProjectFull2.runs/synth_1/Project2.dcp' has been generated.
INFO: [runtcl-4] Executing : report_utilization -file Project2_utilization_synth.rpt -pb Project2_utilization_synth.pb
INFO: [Common 17-206] Exiting Vivado at Thu Jun  6 13:16:28 2024...
