Vivado Simulator v2023.2
Copyright 1986-2022 Xilinx, Inc. All Rights Reserved.
Copyright 2022-2023 Advanced Micro Devices, Inc. All Rights Reserved.
Running: D:/Vivado/Vivado/2023.2/bin/unwrapped/win64.o/xelab.exe --incr --debug typical --relax --mt 2 -L xil_defaultlib -L secureip --snapshot Project2_TB_behav xil_defaultlib.Project2_TB -log elaborate.log 
Using 2 slave threads.
Starting static elaboration
Completed static elaboration
Starting simulation data flow analysis
Completed simulation data flow analysis
Time Resolution for simulation is 1ps
Compiling package std.standard
Compiling package std.textio
Compiling package ieee.std_logic_1164
Compiling package ieee.numeric_std
Compiling package ieee.std_logic_arith
Compiling package ieee.std_logic_unsigned
Compiling architecture behavioral of entity xil_defaultlib.FA_1 [fa_1_default]
Compiling architecture behavioral of entity xil_defaultlib.Sum [sum_default]
Compiling architecture behavioral of entity xil_defaultlib.Subtract [subtract_default]
Compiling architecture behavioral of entity xil_defaultlib.Product [product_default]
Compiling architecture dividera of entity xil_defaultlib.divide [divide_default]
Compiling architecture behavioral of entity xil_defaultlib.SSD2 [ssd2_default]
Compiling architecture behavioral of entity xil_defaultlib.Project2 [project2_default]
Compiling architecture tb_arch of entity xil_defaultlib.project2_tb
Built simulation snapshot Project2_TB_behav
